  Reading Qt configuration (C:\Qt\Qt5.12.5\5.12.5\msvc2017_64\bin\qmake.exe)
  Generate moc_predefs.h
  Uic'ing ..\3rdParty\QSimpleUpdater\src\Downloader.ui...
  Uic'ing mainwindow.ui...
  Uic'ing ..\3rdParty\qmarkdowntextedit\qplaintexteditsearchwidget.ui...
  Uic'ing updaterwindow.ui...
  Rcc'ing fonts.qrc...
  Rcc'ing images.qrc...
  Rcc'ing ..\3rdParty\qmarkdowntextedit\media.qrc...
  Rcc'ing ..\3rdParty\QSimpleUpdater\etc\resources\qsimpleupdater.qrc...
  Rcc'ing styles.qrc...
  Moc'ing ..\3rdParty\QSimpleUpdater\src\Downloader.h...
  Moc'ing ..\3rdParty\QSimpleUpdater\include\QSimpleUpdater.h...
  Moc'ing ..\3rdParty\QSimpleUpdater\src\Updater.h...
  Moc'ing dbmanager.h...
  Moc'ing mainwindow.h...
  Moc'ing ..\3rdParty\qmarkdowntextedit\markdownhighlighter.h...
  Moc'ing notedata.h...
  Moc'ing noteview.h...
  Moc'ing notewidgetdelegate.h...
  Moc'ing ..\3rdParty\qautostart\src\qautostart.h...
  Moc'ing ..\3rdParty\qmarkdowntextedit\qmarkdowntextedit.h...
  Moc'ing ..\3rdParty\qmarkdowntextedit\qplaintexteditsearchwidget.h...
  Moc'ing ..\3rdParty\qxt\qxtglobalshortcut.h...
  Moc'ing singleinstance.h...
  Moc'ing updaterwindow.h...
  Downloader.cpp
  QSimpleUpdater.cpp
  Updater.cpp
  dbmanager.cpp
  main.cpp
  mainwindow.cpp
  markdownhighlighter.cpp
  notedata.cpp
  notemodel.cpp
  noteview.cpp
  notewidgetdelegate.cpp
  qautostart.cpp
  qmarkdowntextedit.cpp
  qownlanguagedata.cpp
  qplaintexteditsearchwidget.cpp
  qxtglobal.cpp
  qxtglobalshortcut.cpp
  qxtglobalshortcut_win.cpp
  singleinstance.cpp
  updaterwindow.cpp
  qrc_fonts.cpp
  qrc_images.cpp
  qrc_media.cpp
  qrc_qsimpleupdater.cpp
  qrc_styles.cpp
  moc_Downloader.cpp
  moc_QSimpleUpdater.cpp
  moc_Updater.cpp
  moc_dbmanager.cpp
  moc_mainwindow.cpp
  moc_markdownhighlighter.cpp
  moc_notedata.cpp
  moc_noteview.cpp
  moc_notewidgetdelegate.cpp
  moc_qautostart.cpp
  moc_qmarkdowntextedit.cpp
  moc_qplaintexteditsearchwidget.cpp
  moc_qxtglobalshortcut.cpp
  moc_singleinstance.cpp
  moc_updaterwindow.cpp
  Notes.vcxproj -> D:\Code\notes\src\..\bin\Notes.exe
